<?xml version="1.0" encoding="UTF-8"?>
<!-- Generated by org.testng.reporters.JUnitReportReporter -->
<testsuite skipped="0" hostname="mac-058.fritz.box" name="login.LoginWithInvalidCredentials" tests="2" failures="0" timestamp="2019-07-23T16:41:41 CEST" time="6.806" errors="0">
  <testcase name="attemptedLoginWithInvalidLoginData" time="3.063" classname="login.LoginWithInvalidCredentials"/>
  <testcase name="attemptedLoginWithInvalidLoginData" time="3.743" classname="login.LoginWithInvalidCredentials"/>
</testsuite> <!-- login.LoginWithInvalidCredentials -->
