<?xml version="1.0" encoding="UTF-8"?>
<!-- Generated by org.testng.reporters.JUnitReportReporter -->
<testsuite skipped="0" hostname="mac-058.fritz.box" name="externalapi.InteriorLightsFrontTest" tests="1" failures="0" timestamp="2019-07-23T16:41:41 CEST" time="0.196" errors="0">
  <testcase name="authorizedInteriorLightsFront" time="0.196" classname="externalapi.InteriorLightsFrontTest"/>
</testsuite> <!-- externalapi.InteriorLightsFrontTest -->
