<?xml version="1.0" encoding="UTF-8"?>
<!-- Generated by org.testng.reporters.JUnitReportReporter -->
<testsuite skipped="0" hostname="mac-058.fritz.box" name="edituser.EditFirstAndLastName" tests="2" failures="0" timestamp="2019-07-23T16:41:41 CEST" time="15.923" errors="0">
  <testcase name="goToMyDetailsAndChangeTheFirstAndLastName" time="8.270" classname="edituser.EditFirstAndLastName"/>
  <testcase name="goToMyDetailsAndChangeTheFirstAndLastName" time="7.653" classname="edituser.EditFirstAndLastName"/>
</testsuite> <!-- edituser.EditFirstAndLastName -->
