<?xml version="1.0" encoding="UTF-8"?>
<!-- Generated by org.testng.reporters.JUnitReportReporter -->
<testsuite skipped="0" hostname="mac-058.fritz.box" name="login.LoginWithValidCredentials" tests="3" failures="0" timestamp="2019-07-23T16:41:41 CEST" time="4.871" errors="0">
  <testcase name="enterUserCredentials" time="0.453" classname="login.LoginWithValidCredentials"/>
  <testcase name="clickLoginButtonAndCheckTheDashboardPageIsOpened" time="1.900" classname="login.LoginWithValidCredentials"/>
  <testcase name="openHomepageAndClickOnLoginLinkTest" time="2.518" classname="login.LoginWithValidCredentials"/>
</testsuite> <!-- login.LoginWithValidCredentials -->
