<?xml version="1.0" encoding="UTF-8"?>
<!-- Generated by org.testng.reporters.JUnitReportReporter -->
<testsuite skipped="0" hostname="mac-058.fritz.box" name="login.LoginAndThenLogout" tests="3" failures="0" timestamp="2019-07-23T16:41:41 CEST" time="9.233" errors="0">
  <testcase name="openHomepageAndClickOnLoginLink" time="3.065" classname="login.LoginAndThenLogout"/>
  <testcase name="clickOnLogoutButton" time="2.746" classname="login.LoginAndThenLogout"/>
  <testcase name="enterUserCredentialsAndClickLoginButton" time="3.422" classname="login.LoginAndThenLogout"/>
</testsuite> <!-- login.LoginAndThenLogout -->
