<?xml version="1.0" encoding="UTF-8"?>
<!-- Generated by org.testng.reporters.JUnitReportReporter -->
<testsuite skipped="0" hostname="mac-058.fritz.box" name="internalapi.PersonalInformation" tests="1" failures="0" timestamp="2019-07-23T16:41:41 CEST" time="5.721" errors="0">
  <testcase name="getPersonalInformationCall" time="5.721" classname="internalapi.PersonalInformation"/>
</testsuite> <!-- internalapi.PersonalInformation -->
